==> Resuming from checkpoint...ckpt.e40
testset---> 38
testloader---> 38
GPU---> range(0, 1)
Use cudnn---> 7602
DataParallel(
  (module): Net(
    (relu): ReLU(inplace=True)
    (conv_first): Conv3d(2, 16, kernel_size=(3, 3, 3), stride=(1, 1, 1), padding=(1, 1, 1))
    (bn_first): BatchNorm3d(16, eps=1e-05, momentum=0.1, affine=True, track_running_stats=True)
    (layers): Sequential(
      (0): Block(
        (conv1): Conv3d(16, 16, kernel_size=(3, 3, 3), stride=(1, 1, 1), padding=(1, 1, 1))
        (bn1): BatchNorm3d(16, eps=1e-05, momentum=0.1, affine=True, track_running_stats=True)
        (relu): ReLU(inplace=True)
        (conv2): Conv3d(16, 16, kernel_size=(3, 3, 3), stride=(1, 1, 1), padding=(1, 1, 1))
        (bn2): BatchNorm3d(16, eps=1e-05, momentum=0.1, affine=True, track_running_stats=True)
      )
      (1): Block(
        (conv1): Conv3d(16, 16, kernel_size=(3, 3, 3), stride=(1, 1, 1), padding=(1, 1, 1))
        (bn1): BatchNorm3d(16, eps=1e-05, momentum=0.1, affine=True, track_running_stats=True)
        (relu): ReLU(inplace=True)
        (conv2): Conv3d(16, 16, kernel_size=(3, 3, 3), stride=(1, 1, 1), padding=(1, 1, 1))
        (bn2): BatchNorm3d(16, eps=1e-05, momentum=0.1, affine=True, track_running_stats=True)
      )
      (2): Block(
        (conv1): Conv3d(16, 16, kernel_size=(3, 3, 3), stride=(1, 1, 1), padding=(1, 1, 1))
        (bn1): BatchNorm3d(16, eps=1e-05, momentum=0.1, affine=True, track_running_stats=True)
        (relu): ReLU(inplace=True)
        (conv2): Conv3d(16, 16, kernel_size=(3, 3, 3), stride=(1, 1, 1), padding=(1, 1, 1))
        (bn2): BatchNorm3d(16, eps=1e-05, momentum=0.1, affine=True, track_running_stats=True)
      )
      (3): Block(
        (conv1): Conv3d(16, 16, kernel_size=(3, 3, 3), stride=(1, 1, 1), padding=(1, 1, 1))
        (bn1): BatchNorm3d(16, eps=1e-05, momentum=0.1, affine=True, track_running_stats=True)
        (relu): ReLU(inplace=True)
        (conv2): Conv3d(16, 16, kernel_size=(3, 3, 3), stride=(1, 1, 1), padding=(1, 1, 1))
        (bn2): BatchNorm3d(16, eps=1e-05, momentum=0.1, affine=True, track_running_stats=True)
      )
      (4): Block(
        (conv1): Conv3d(16, 16, kernel_size=(3, 3, 3), stride=(1, 1, 1), padding=(1, 1, 1))
        (bn1): BatchNorm3d(16, eps=1e-05, momentum=0.1, affine=True, track_running_stats=True)
        (relu): ReLU(inplace=True)
        (conv2): Conv3d(16, 16, kernel_size=(3, 3, 3), stride=(1, 1, 1), padding=(1, 1, 1))
        (bn2): BatchNorm3d(16, eps=1e-05, momentum=0.1, affine=True, track_running_stats=True)
      )
      (5): Block(
        (conv1): Conv3d(16, 16, kernel_size=(3, 3, 3), stride=(1, 1, 1), padding=(1, 1, 1))
        (bn1): BatchNorm3d(16, eps=1e-05, momentum=0.1, affine=True, track_running_stats=True)
        (relu): ReLU(inplace=True)
        (conv2): Conv3d(16, 16, kernel_size=(3, 3, 3), stride=(1, 1, 1), padding=(1, 1, 1))
        (bn2): BatchNorm3d(16, eps=1e-05, momentum=0.1, affine=True, track_running_stats=True)
      )
      (6): Block(
        (conv1): Conv3d(16, 16, kernel_size=(3, 3, 3), stride=(1, 1, 1), padding=(1, 1, 1))
        (bn1): BatchNorm3d(16, eps=1e-05, momentum=0.1, affine=True, track_running_stats=True)
        (relu): ReLU(inplace=True)
        (conv2): Conv3d(16, 16, kernel_size=(3, 3, 3), stride=(1, 1, 1), padding=(1, 1, 1))
        (bn2): BatchNorm3d(16, eps=1e-05, momentum=0.1, affine=True, track_running_stats=True)
      )
      (7): Block(
        (conv1): Conv3d(16, 16, kernel_size=(3, 3, 3), stride=(1, 1, 1), padding=(1, 1, 1))
        (bn1): BatchNorm3d(16, eps=1e-05, momentum=0.1, affine=True, track_running_stats=True)
        (relu): ReLU(inplace=True)
        (conv2): Conv3d(16, 16, kernel_size=(3, 3, 3), stride=(1, 1, 1), padding=(1, 1, 1))
        (bn2): BatchNorm3d(16, eps=1e-05, momentum=0.1, affine=True, track_running_stats=True)
      )
      (8): Block(
        (conv1): Conv3d(16, 16, kernel_size=(3, 3, 3), stride=(1, 1, 1), padding=(1, 1, 1))
        (bn1): BatchNorm3d(16, eps=1e-05, momentum=0.1, affine=True, track_running_stats=True)
        (relu): ReLU(inplace=True)
        (conv2): Conv3d(16, 16, kernel_size=(3, 3, 3), stride=(1, 1, 1), padding=(1, 1, 1))
        (bn2): BatchNorm3d(16, eps=1e-05, momentum=0.1, affine=True, track_running_stats=True)
      )
      (9): Block(
        (conv1): Conv3d(16, 16, kernel_size=(3, 3, 3), stride=(1, 1, 1), padding=(1, 1, 1))
        (bn1): BatchNorm3d(16, eps=1e-05, momentum=0.1, affine=True, track_running_stats=True)
        (relu): ReLU(inplace=True)
        (conv2): Conv3d(16, 16, kernel_size=(3, 3, 3), stride=(1, 1, 1), padding=(1, 1, 1))
        (bn2): BatchNorm3d(16, eps=1e-05, momentum=0.1, affine=True, track_running_stats=True)
      )
      (10): Block(
        (conv1): Conv3d(16, 16, kernel_size=(3, 3, 3), stride=(1, 1, 1), padding=(1, 1, 1))
        (bn1): BatchNorm3d(16, eps=1e-05, momentum=0.1, affine=True, track_running_stats=True)
        (relu): ReLU(inplace=True)
        (conv2): Conv3d(16, 16, kernel_size=(3, 3, 3), stride=(1, 1, 1), padding=(1, 1, 1))
        (bn2): BatchNorm3d(16, eps=1e-05, momentum=0.1, affine=True, track_running_stats=True)
      )
      (11): Block(
        (conv1): Conv3d(16, 16, kernel_size=(3, 3, 3), stride=(1, 1, 1), padding=(1, 1, 1))
        (bn1): BatchNorm3d(16, eps=1e-05, momentum=0.1, affine=True, track_running_stats=True)
        (relu): ReLU(inplace=True)
        (conv2): Conv3d(16, 16, kernel_size=(3, 3, 3), stride=(1, 1, 1), padding=(1, 1, 1))
        (bn2): BatchNorm3d(16, eps=1e-05, momentum=0.1, affine=True, track_running_stats=True)
      )
      (12): Block(
        (conv1): Conv3d(16, 16, kernel_size=(3, 3, 3), stride=(1, 1, 1), padding=(1, 1, 1))
        (bn1): BatchNorm3d(16, eps=1e-05, momentum=0.1, affine=True, track_running_stats=True)
        (relu): ReLU(inplace=True)
        (conv2): Conv3d(16, 16, kernel_size=(3, 3, 3), stride=(1, 1, 1), padding=(1, 1, 1))
        (bn2): BatchNorm3d(16, eps=1e-05, momentum=0.1, affine=True, track_running_stats=True)
      )
      (13): Block(
        (conv1): Conv3d(16, 16, kernel_size=(3, 3, 3), stride=(1, 1, 1), padding=(1, 1, 1))
        (bn1): BatchNorm3d(16, eps=1e-05, momentum=0.1, affine=True, track_running_stats=True)
        (relu): ReLU(inplace=True)
        (conv2): Conv3d(16, 16, kernel_size=(3, 3, 3), stride=(1, 1, 1), padding=(1, 1, 1))
        (bn2): BatchNorm3d(16, eps=1e-05, momentum=0.1, affine=True, track_running_stats=True)
      )
      (14): Block(
        (conv1): Conv3d(16, 16, kernel_size=(3, 3, 3), stride=(1, 1, 1), padding=(1, 1, 1))
        (bn1): BatchNorm3d(16, eps=1e-05, momentum=0.1, affine=True, track_running_stats=True)
        (relu): ReLU(inplace=True)
        (conv2): Conv3d(16, 16, kernel_size=(3, 3, 3), stride=(1, 1, 1), padding=(1, 1, 1))
        (bn2): BatchNorm3d(16, eps=1e-05, momentum=0.1, affine=True, track_running_stats=True)
      )
    )
    (conv_last): Conv3d(16, 1, kernel_size=(1, 1, 1), stride=(1, 1, 1))
    (bn_last): BatchNorm3d(1, eps=1e-05, momentum=0.1, affine=True, track_running_stats=True)
    (sigmoid): Sigmoid()
  )
)
<class 'torch.Tensor'> torch.Size([16, 2, 3, 3, 3])
<class 'torch.Tensor'> torch.Size([16])
<class 'torch.Tensor'> torch.Size([16])
<class 'torch.Tensor'> torch.Size([16])
<class 'torch.Tensor'> torch.Size([16, 16, 3, 3, 3])
<class 'torch.Tensor'> torch.Size([16])
<class 'torch.Tensor'> torch.Size([16])
<class 'torch.Tensor'> torch.Size([16])
<class 'torch.Tensor'> torch.Size([16, 16, 3, 3, 3])
<class 'torch.Tensor'> torch.Size([16])
<class 'torch.Tensor'> torch.Size([16])
<class 'torch.Tensor'> torch.Size([16])
<class 'torch.Tensor'> torch.Size([16, 16, 3, 3, 3])
<class 'torch.Tensor'> torch.Size([16])
<class 'torch.Tensor'> torch.Size([16])
<class 'torch.Tensor'> torch.Size([16])
<class 'torch.Tensor'> torch.Size([16, 16, 3, 3, 3])
<class 'torch.Tensor'> torch.Size([16])
<class 'torch.Tensor'> torch.Size([16])
<class 'torch.Tensor'> torch.Size([16])
<class 'torch.Tensor'> torch.Size([16, 16, 3, 3, 3])
<class 'torch.Tensor'> torch.Size([16])
<class 'torch.Tensor'> torch.Size([16])
<class 'torch.Tensor'> torch.Size([16])
<class 'torch.Tensor'> torch.Size([16, 16, 3, 3, 3])
<class 'torch.Tensor'> torch.Size([16])
<class 'torch.Tensor'> torch.Size([16])
<class 'torch.Tensor'> torch.Size([16])
<class 'torch.Tensor'> torch.Size([16, 16, 3, 3, 3])
<class 'torch.Tensor'> torch.Size([16])
<class 'torch.Tensor'> torch.Size([16])
<class 'torch.Tensor'> torch.Size([16])
<class 'torch.Tensor'> torch.Size([16, 16, 3, 3, 3])
<class 'torch.Tensor'> torch.Size([16])
<class 'torch.Tensor'> torch.Size([16])
<class 'torch.Tensor'> torch.Size([16])
<class 'torch.Tensor'> torch.Size([16, 16, 3, 3, 3])
<class 'torch.Tensor'> torch.Size([16])
<class 'torch.Tensor'> torch.Size([16])
<class 'torch.Tensor'> torch.Size([16])
<class 'torch.Tensor'> torch.Size([16, 16, 3, 3, 3])
<class 'torch.Tensor'> torch.Size([16])
<class 'torch.Tensor'> torch.Size([16])
<class 'torch.Tensor'> torch.Size([16])
<class 'torch.Tensor'> torch.Size([16, 16, 3, 3, 3])
<class 'torch.Tensor'> torch.Size([16])
<class 'torch.Tensor'> torch.Size([16])
<class 'torch.Tensor'> torch.Size([16])
<class 'torch.Tensor'> torch.Size([16, 16, 3, 3, 3])
<class 'torch.Tensor'> torch.Size([16])
<class 'torch.Tensor'> torch.Size([16])
<class 'torch.Tensor'> torch.Size([16])
<class 'torch.Tensor'> torch.Size([16, 16, 3, 3, 3])
<class 'torch.Tensor'> torch.Size([16])
<class 'torch.Tensor'> torch.Size([16])
<class 'torch.Tensor'> torch.Size([16])
<class 'torch.Tensor'> torch.Size([16, 16, 3, 3, 3])
<class 'torch.Tensor'> torch.Size([16])
<class 'torch.Tensor'> torch.Size([16])
<class 'torch.Tensor'> torch.Size([16])
<class 'torch.Tensor'> torch.Size([16, 16, 3, 3, 3])
<class 'torch.Tensor'> torch.Size([16])
<class 'torch.Tensor'> torch.Size([16])
<class 'torch.Tensor'> torch.Size([16])
<class 'torch.Tensor'> torch.Size([16, 16, 3, 3, 3])
<class 'torch.Tensor'> torch.Size([16])
<class 'torch.Tensor'> torch.Size([16])
<class 'torch.Tensor'> torch.Size([16])
<class 'torch.Tensor'> torch.Size([16, 16, 3, 3, 3])
<class 'torch.Tensor'> torch.Size([16])
<class 'torch.Tensor'> torch.Size([16])
<class 'torch.Tensor'> torch.Size([16])
<class 'torch.Tensor'> torch.Size([16, 16, 3, 3, 3])
<class 'torch.Tensor'> torch.Size([16])
<class 'torch.Tensor'> torch.Size([16])
<class 'torch.Tensor'> torch.Size([16])
<class 'torch.Tensor'> torch.Size([16, 16, 3, 3, 3])
<class 'torch.Tensor'> torch.Size([16])
<class 'torch.Tensor'> torch.Size([16])
<class 'torch.Tensor'> torch.Size([16])
<class 'torch.Tensor'> torch.Size([16, 16, 3, 3, 3])
<class 'torch.Tensor'> torch.Size([16])
<class 'torch.Tensor'> torch.Size([16])
<class 'torch.Tensor'> torch.Size([16])
<class 'torch.Tensor'> torch.Size([16, 16, 3, 3, 3])
<class 'torch.Tensor'> torch.Size([16])
<class 'torch.Tensor'> torch.Size([16])
<class 'torch.Tensor'> torch.Size([16])
<class 'torch.Tensor'> torch.Size([16, 16, 3, 3, 3])
<class 'torch.Tensor'> torch.Size([16])
<class 'torch.Tensor'> torch.Size([16])
<class 'torch.Tensor'> torch.Size([16])
<class 'torch.Tensor'> torch.Size([16, 16, 3, 3, 3])
<class 'torch.Tensor'> torch.Size([16])
<class 'torch.Tensor'> torch.Size([16])
<class 'torch.Tensor'> torch.Size([16])
<class 'torch.Tensor'> torch.Size([16, 16, 3, 3, 3])
<class 'torch.Tensor'> torch.Size([16])
<class 'torch.Tensor'> torch.Size([16])
<class 'torch.Tensor'> torch.Size([16])
<class 'torch.Tensor'> torch.Size([16, 16, 3, 3, 3])
<class 'torch.Tensor'> torch.Size([16])
<class 'torch.Tensor'> torch.Size([16])
<class 'torch.Tensor'> torch.Size([16])
<class 'torch.Tensor'> torch.Size([16, 16, 3, 3, 3])
<class 'torch.Tensor'> torch.Size([16])
<class 'torch.Tensor'> torch.Size([16])
<class 'torch.Tensor'> torch.Size([16])
<class 'torch.Tensor'> torch.Size([16, 16, 3, 3, 3])
<class 'torch.Tensor'> torch.Size([16])
<class 'torch.Tensor'> torch.Size([16])
<class 'torch.Tensor'> torch.Size([16])
<class 'torch.Tensor'> torch.Size([16, 16, 3, 3, 3])
<class 'torch.Tensor'> torch.Size([16])
<class 'torch.Tensor'> torch.Size([16])
<class 'torch.Tensor'> torch.Size([16])
<class 'torch.Tensor'> torch.Size([16, 16, 3, 3, 3])
<class 'torch.Tensor'> torch.Size([16])
<class 'torch.Tensor'> torch.Size([16])
<class 'torch.Tensor'> torch.Size([16])
<class 'torch.Tensor'> torch.Size([16, 16, 3, 3, 3])
<class 'torch.Tensor'> torch.Size([16])
<class 'torch.Tensor'> torch.Size([16])
<class 'torch.Tensor'> torch.Size([16])
<class 'torch.Tensor'> torch.Size([1, 16, 1, 1, 1])
<class 'torch.Tensor'> torch.Size([1])
<class 'torch.Tensor'> torch.Size([1])
<class 'torch.Tensor'> torch.Size([1])
MSELoss()
image_resolution 0.5
num_worker 30
test_batch_size 1
channelList [0, 1]
weight_scale 30.0
test_flag True
log_dir ./log/cv2/
test_result_dir ./test_result/cv2/
test_data_dir ../02-prepare-for-cnn/image/temp_48_small_partial_charge_radius/
Epoch: 40 | Loss: 0.027 | Time: 2022-03-13 19:43:40.051544 --TEST
------------------------------------------------------------------------------------------------------------------------
